{"/Users/clarissescofield/Desktop/hubla/desafio-hubla/server/app.js": {"path":"/Users/clarissescofield/Desktop/hubla/desafio-hubla/server/app.js","statementMap":{"0":{"start":{"line":1,"column":16},"end":{"line":1,"column":34}},"1":{"start":{"line":2,"column":13},"end":{"line":2,"column":28}},"2":{"start":{"line":3,"column":15},"end":{"line":3,"column":52}},"3":{"start":{"line":5,"column":12},"end":{"line":5,"column":21}},"4":{"start":{"line":6,"column":0},"end":{"line":6,"column":15}},"5":{"start":{"line":7,"column":0},"end":{"line":7,"column":23}},"6":{"start":{"line":8,"column":0},"end":{"line":8,"column":15}},"7":{"start":{"line":10,"column":0},"end":{"line":10,"column":20}}},"fnMap":{},"branchMap":{},"s":{"0":1,"1":1,"2":1,"3":1,"4":1,"5":1,"6":1,"7":1},"f":{},"b":{},"_coverageSchema":"1a1c01bbd47fc00a2c39e90264f33305004495a9","hash":"7c43e8ac5f905ead4fb9e2e962a0a01827534d4c"}
,"/Users/clarissescofield/Desktop/hubla/desafio-hubla/server/controllers/TransactionController.js": {"path":"/Users/clarissescofield/Desktop/hubla/desafio-hubla/server/controllers/TransactionController.js","statementMap":{"0":{"start":{"line":1,"column":15},"end":{"line":1,"column":35}},"1":{"start":{"line":2,"column":22},"end":{"line":2,"column":42}},"2":{"start":{"line":3,"column":22},"end":{"line":3,"column":42}},"3":{"start":{"line":4,"column":20},"end":{"line":4,"column":80}},"4":{"start":{"line":6,"column":0},"end":{"line":59,"column":2}},"5":{"start":{"line":8,"column":4},"end":{"line":16,"column":7}},"6":{"start":{"line":9,"column":29},"end":{"line":9,"column":56}},"7":{"start":{"line":10,"column":8},"end":{"line":10,"column":38}},"8":{"start":{"line":13,"column":8},"end":{"line":15,"column":88}},"9":{"start":{"line":20,"column":52},"end":{"line":20,"column":60}},"10":{"start":{"line":21,"column":4},"end":{"line":25,"column":5}},"11":{"start":{"line":22,"column":8},"end":{"line":24,"column":80}},"12":{"start":{"line":26,"column":24},"end":{"line":32,"column":6}},"13":{"start":{"line":34,"column":4},"end":{"line":34,"column":33}},"14":{"start":{"line":38,"column":4},"end":{"line":42,"column":5}},"15":{"start":{"line":39,"column":8},"end":{"line":41,"column":76}},"16":{"start":{"line":44,"column":4},"end":{"line":56,"column":7}},"17":{"start":{"line":45,"column":28},"end":{"line":49,"column":12}},"18":{"start":{"line":51,"column":10},"end":{"line":51,"column":39}},"19":{"start":{"line":53,"column":8},"end":{"line":55,"column":86}}},"fnMap":{"0":{"name":"(anonymous_0)","decl":{"start":{"line":7,"column":2},"end":{"line":7,"column":3}},"loc":{"start":{"line":7,"column":24},"end":{"line":17,"column":3}},"line":7},"1":{"name":"(anonymous_1)","decl":{"start":{"line":19,"column":2},"end":{"line":19,"column":3}},"loc":{"start":{"line":19,"column":24},"end":{"line":35,"column":3}},"line":19},"2":{"name":"(anonymous_2)","decl":{"start":{"line":37,"column":2},"end":{"line":37,"column":3}},"loc":{"start":{"line":37,"column":33},"end":{"line":57,"column":3}},"line":37}},"branchMap":{"0":{"loc":{"start":{"line":21,"column":4},"end":{"line":25,"column":5}},"type":"if","locations":[{"start":{"line":21,"column":4},"end":{"line":25,"column":5}},{"start":{},"end":{}}],"line":21},"1":{"loc":{"start":{"line":21,"column":7},"end":{"line":21,"column":91}},"type":"binary-expr","locations":[{"start":{"line":21,"column":7},"end":{"line":21,"column":19}},{"start":{"line":21,"column":23},"end":{"line":21,"column":35}},{"start":{"line":21,"column":39},"end":{"line":21,"column":54}},{"start":{"line":21,"column":58},"end":{"line":21,"column":71}},{"start":{"line":21,"column":75},"end":{"line":21,"column":91}}],"line":21},"2":{"loc":{"start":{"line":38,"column":4},"end":{"line":42,"column":5}},"type":"if","locations":[{"start":{"line":38,"column":4},"end":{"line":42,"column":5}},{"start":{},"end":{}}],"line":38}},"s":{"0":1,"1":1,"2":1,"3":1,"4":1,"5":1,"6":1,"7":1,"8":0,"9":1,"10":1,"11":0,"12":1,"13":1,"14":1,"15":0,"16":1,"17":1,"18":1,"19":0},"f":{"0":1,"1":1,"2":1},"b":{"0":[0,1],"1":[1,1,1,1,1],"2":[0,1]},"_coverageSchema":"1a1c01bbd47fc00a2c39e90264f33305004495a9","hash":"22bd731d4473071aa6e3f5c68f290df8e266e8ef"}
,"/Users/clarissescofield/Desktop/hubla/desafio-hubla/server/models/index.js": {"path":"/Users/clarissescofield/Desktop/hubla/desafio-hubla/server/models/index.js","statementMap":{"0":{"start":{"line":1,"column":17},"end":{"line":1,"column":50}},"1":{"start":{"line":3,"column":18},"end":{"line":3,"column":38}},"2":{"start":{"line":4,"column":18},"end":{"line":14,"column":2}},"3":{"start":{"line":16,"column":11},"end":{"line":16,"column":13}},"4":{"start":{"line":18,"column":0},"end":{"line":18,"column":25}},"5":{"start":{"line":19,"column":0},"end":{"line":19,"column":25}},"6":{"start":{"line":21,"column":0},"end":{"line":21,"column":74}},"7":{"start":{"line":23,"column":0},"end":{"line":23,"column":20}}},"fnMap":{},"branchMap":{},"s":{"0":1,"1":1,"2":1,"3":1,"4":1,"5":1,"6":1,"7":1},"f":{},"b":{},"_coverageSchema":"1a1c01bbd47fc00a2c39e90264f33305004495a9","hash":"5559f0030d7e5da69eb28ac7a61273652b3978ea"}
,"/Users/clarissescofield/Desktop/hubla/desafio-hubla/server/models/transaction.model.js": {"path":"/Users/clarissescofield/Desktop/hubla/desafio-hubla/server/models/transaction.model.js","statementMap":{"0":{"start":{"line":1,"column":0},"end":{"line":21,"column":4}},"1":{"start":{"line":2,"column":24},"end":{"line":18,"column":6}},"2":{"start":{"line":20,"column":4},"end":{"line":20,"column":23}}},"fnMap":{"0":{"name":"(anonymous_0)","decl":{"start":{"line":1,"column":17},"end":{"line":1,"column":18}},"loc":{"start":{"line":1,"column":43},"end":{"line":21,"column":3}},"line":1}},"branchMap":{},"s":{"0":1,"1":2,"2":2},"f":{"0":2},"b":{},"_coverageSchema":"1a1c01bbd47fc00a2c39e90264f33305004495a9","hash":"103cf36bd97adba4cacf73cc8ffe837e55caf6f4"}
,"/Users/clarissescofield/Desktop/hubla/desafio-hubla/server/routes/TransactionRoutes.js": {"path":"/Users/clarissescofield/Desktop/hubla/desafio-hubla/server/routes/TransactionRoutes.js","statementMap":{"0":{"start":{"line":1,"column":16},"end":{"line":1,"column":34}},"1":{"start":{"line":3,"column":30},"end":{"line":3,"column":77}},"2":{"start":{"line":5,"column":15},"end":{"line":5,"column":31}},"3":{"start":{"line":7,"column":0},"end":{"line":7,"column":57}},"4":{"start":{"line":9,"column":0},"end":{"line":9,"column":58}},"5":{"start":{"line":11,"column":0},"end":{"line":11,"column":79}},"6":{"start":{"line":13,"column":0},"end":{"line":13,"column":24}}},"fnMap":{},"branchMap":{},"s":{"0":1,"1":1,"2":1,"3":1,"4":1,"5":1,"6":1},"f":{},"b":{},"_coverageSchema":"1a1c01bbd47fc00a2c39e90264f33305004495a9","hash":"c9e57819406d145e1cda440b20f93177b186de69"}
}
