TN:
SF:app.js
FNF:0
FNH:0
DA:1,1
DA:2,1
DA:3,1
DA:5,1
DA:6,1
DA:7,1
DA:8,1
DA:10,1
LF:8
LH:8
BRF:0
BRH:0
end_of_record
TN:
SF:controllers/TransactionController.js
FN:7,(anonymous_0)
FN:19,(anonymous_1)
FN:37,(anonymous_2)
FNF:3
FNH:3
FNDA:1,(anonymous_0)
FNDA:1,(anonymous_1)
FNDA:1,(anonymous_2)
DA:1,1
DA:2,1
DA:3,1
DA:4,1
DA:6,1
DA:8,1
DA:9,1
DA:10,1
DA:13,0
DA:20,1
DA:21,1
DA:22,0
DA:26,1
DA:34,1
DA:38,1
DA:39,0
DA:44,1
DA:45,1
DA:51,1
DA:53,0
LF:20
LH:16
BRDA:21,0,0,0
BRDA:21,0,1,1
BRDA:21,1,0,1
BRDA:21,1,1,1
BRDA:21,1,2,1
BRDA:21,1,3,1
BRDA:21,1,4,1
BRDA:38,2,0,0
BRDA:38,2,1,1
BRF:9
BRH:7
end_of_record
TN:
SF:models/index.js
FNF:0
FNH:0
DA:1,1
DA:3,1
DA:4,1
DA:16,1
DA:18,1
DA:19,1
DA:21,1
DA:23,1
LF:8
LH:8
BRF:0
BRH:0
end_of_record
TN:
SF:models/transaction.model.js
FN:1,(anonymous_0)
FNF:1
FNH:1
FNDA:2,(anonymous_0)
DA:1,1
DA:2,2
DA:20,2
LF:3
LH:3
BRF:0
BRH:0
end_of_record
TN:
SF:routes/TransactionRoutes.js
FNF:0
FNH:0
DA:1,1
DA:3,1
DA:5,1
DA:7,1
DA:9,1
DA:11,1
DA:13,1
LF:7
LH:7
BRF:0
BRH:0
end_of_record
